0 info it worked if it ends with ok
1 verbose cli [ 'C:\\Program Files\\nodejs\\node.exe',
1 verbose cli   'C:\\Program Files\\nodejs\\node_modules\\npm\\bin\\npm-cli.js',
1 verbose cli   'install',
1 verbose cli   '–save-dev',
1 verbose cli   'gulp-concat' ]
2 info using npm@3.3.12
3 info using node@v5.4.1
4 silly loadCurrentTree Starting
5 silly install loadCurrentTree
6 silly install readLocalPackageData
7 silly fetchPackageMetaData –save-dev
8 silly fetchPackageMetaData gulp-concat
9 silly fetchOtherPackageData –save-dev
10 silly cache add args [ '–save-dev', null ]
11 verbose cache add spec –save-dev
12 silly fetchNamedPackageData gulp-concat
13 silly mapToRegistry name gulp-concat
14 silly mapToRegistry using default registry
15 silly mapToRegistry registry https://registry.npmjs.org/
16 silly mapToRegistry uri https://registry.npmjs.org/gulp-concat
17 silly cache add parsed spec Result {
17 silly cache add   raw: '–save-dev',
17 silly cache add   scope: null,
17 silly cache add   name: null,
17 silly cache add   rawSpec: '–save-dev',
17 silly cache add   spec: 'C:\\xampp\\htdocs\\Proyectos\\RinesResponsiveDesing\\–save-dev',
17 silly cache add   type: 'local' }
18 verbose request uri https://registry.npmjs.org/gulp-concat
19 verbose request no auth needed
20 info attempt registry request try #1 at 16:53:31
21 verbose request id 32f1d80503e4c2b2
22 http request GET https://registry.npmjs.org/gulp-concat
23 error addLocal Could not install C:\xampp\htdocs\Proyectos\RinesResponsiveDesing\–save-dev
24 silly fetchPackageMetaData Error: ENOENT: no such file or directory, open 'C:\xampp\htdocs\Proyectos\RinesResponsiveDesing\–save-dev'
24 silly fetchPackageMetaData     at Error (native)
24 silly fetchPackageMetaData  error for –save-dev { [Error: ENOENT: no such file or directory, open 'C:\xampp\htdocs\Proyectos\RinesResponsiveDesing\–save-dev']
24 silly fetchPackageMetaData   errno: -4058,
24 silly fetchPackageMetaData   code: 'ENOENT',
24 silly fetchPackageMetaData   syscall: 'open',
24 silly fetchPackageMetaData   path: 'C:\\xampp\\htdocs\\Proyectos\\RinesResponsiveDesing\\–save-dev' }
25 http 400 https://registry.npmjs.org/gulp-concat
26 verbose headers {}
27 silly get cb [ 400, {} ]
28 silly fetchPackageMetaData Error: 400 Bad Request
28 silly fetchPackageMetaData     at makeError (C:\Program Files\nodejs\node_modules\npm\node_modules\npm-registry-client\lib\request.js:264:12)
28 silly fetchPackageMetaData     at CachingRegistryClient.<anonymous> (C:\Program Files\nodejs\node_modules\npm\node_modules\npm-registry-client\lib\request.js:215:9)
28 silly fetchPackageMetaData     at Request._callback (C:\Program Files\nodejs\node_modules\npm\node_modules\npm-registry-client\lib\request.js:172:14)
28 silly fetchPackageMetaData     at Request.self.callback (C:\Program Files\nodejs\node_modules\npm\node_modules\request\request.js:198:22)
28 silly fetchPackageMetaData     at emitTwo (events.js:87:13)
28 silly fetchPackageMetaData     at Request.emit (events.js:172:7)
28 silly fetchPackageMetaData     at Request.<anonymous> (C:\Program Files\nodejs\node_modules\npm\node_modules\request\request.js:1082:10)
28 silly fetchPackageMetaData     at emitOne (events.js:82:20)
28 silly fetchPackageMetaData     at Request.emit (events.js:169:7)
28 silly fetchPackageMetaData     at IncomingMessage.<anonymous> (C:\Program Files\nodejs\node_modules\npm\node_modules\request\request.js:1009:12)
28 silly fetchPackageMetaData  error for gulp-concat { [Error: 400 Bad Request] statusCode: 400, code: 'E400' }
29 silly rollbackFailedOptional Starting
30 silly rollbackFailedOptional Finishing
31 silly runTopLevelLifecycles Starting
32 silly runTopLevelLifecycles Finishing
33 silly install printInstalled
34 verbose stack Error: ENOENT: no such file or directory, open 'C:\xampp\htdocs\Proyectos\RinesResponsiveDesing\–save-dev'
34 verbose stack     at Error (native)
35 verbose cwd C:\xampp\htdocs\Proyectos\RinesResponsiveDesing
36 error Windows_NT 6.3.9600
37 error argv "C:\\Program Files\\nodejs\\node.exe" "C:\\Program Files\\nodejs\\node_modules\\npm\\bin\\npm-cli.js" "install" "–save-dev" "gulp-concat"
38 error node v5.4.1
39 error npm  v3.3.12
40 error path C:\xampp\htdocs\Proyectos\RinesResponsiveDesing\–save-dev
41 error code ENOENT
42 error errno -4058
43 error syscall open
44 error enoent ENOENT: no such file or directory, open 'C:\xampp\htdocs\Proyectos\RinesResponsiveDesing\–save-dev'
44 error enoent This is most likely not a problem with npm itself
44 error enoent and is related to npm not being able to find a file.
45 verbose exit [ -4058, true ]
